CampusNavigation/app/build/intermediates/manifest_merge_blame_file/debug/manifest-merger-blame-debug-report.txt
1<?xml version="1.0" encoding="utf-8"?>
2<manifest xmlns:android="http://schemas.android.com/apk/res/android"
3    package="com.example.campusnavigation"
4    android:versionCode="1"
5    android:versionName="1.0" >
6
7    <uses-sdk
8        android:minSdkVersion="26"
8-->src\main\AndroidManifest.xml
9        android:targetSdkVersion="30" />
9-->src\main\AndroidManifest.xml
10    <!--
11         The ACCESS_COARSE/FINE_LOCATION permissions are not required to use
12         Google Maps Android API v2, but you must specify either coarse or fine
13         location permissions for the "MyLocation" functionality.
14    -->
15    <uses-permission android:name="android.permission.ACCESS_FINE_LOCATION" />
15-->src\main\AndroidManifest.xml:9:5-79
15-->src\main\AndroidManifest.xml:9:22-76
16    <uses-permission android:name="android.permission.INTERNET" />
16-->src\main\AndroidManifest.xml:10:5-67
16-->src\main\AndroidManifest.xml:10:22-64
17    <uses-permission android:name="android.permission.ACCESS_NETWORK_STATE" />
17-->src\main\AndroidManifest.xml:11:5-79
17-->src\main\AndroidManifest.xml:11:22-76
18    <uses-permission android:name="android.permission.READ_CALENDAR" />
18-->src\main\AndroidManifest.xml:12:5-72
18-->src\main\AndroidManifest.xml:12:22-69
19    <uses-permission android:name="android.permission.WRITE_CALENDAR" />
19-->src\main\AndroidManifest.xml:13:5-73
19-->src\main\AndroidManifest.xml:13:22-70
20    <uses-permission android:name="android.permission.WAKE_LOCK" />
20-->[androidx.work:work-runtime:2.5.0] AndroidManifest.xml:25:5-68
20-->[androidx.work:work-runtime:2.5.0] AndroidManifest.xml:25:22-65
21    <uses-permission android:name="android.permission.RECEIVE_BOOT_COMPLETED" />
21-->[androidx.work:work-runtime:2.5.0] AndroidManifest.xml:27:5-81
21-->[androidx.work:work-runtime:2.5.0] AndroidManifest.xml:27:22-78
22    <uses-permission android:name="android.permission.FOREGROUND_SERVICE" />
22-->[androidx.work:work-runtime:2.5.0] AndroidManifest.xml:28:5-77
22-->[androidx.work:work-runtime:2.5.0] AndroidManifest.xml:28:22-74
23
24    <uses-feature
24-->[com.google.android.gms:play-services-maps:17.0.0] AndroidManifest.xml:26:5-28:35
25        android:glEsVersion="0x00020000"
25-->[com.google.android.gms:play-services-maps:17.0.0] AndroidManifest.xml:27:9-41
26        android:required="true" />
26-->[com.google.android.gms:play-services-maps:17.0.0] AndroidManifest.xml:28:9-32
27
28    <application
28-->src\main\AndroidManifest.xml:15:5-87:19
29        android:allowBackup="true"
29-->src\main\AndroidManifest.xml:16:9-35
30        android:appComponentFactory="androidx.core.app.CoreComponentFactory"
30-->[androidx.core:core:1.3.1] AndroidManifest.xml:24:18-86
31        android:debuggable="true"
32        android:extractNativeLibs="false"
33        android:icon="@mipmap/ic_launcher"
33-->src\main\AndroidManifest.xml:17:9-43
34        android:label="@string/app_name"
34-->src\main\AndroidManifest.xml:18:9-41
35        android:roundIcon="@mipmap/ic_launcher_round"
35-->src\main\AndroidManifest.xml:19:9-54
36        android:supportsRtl="true"
36-->src\main\AndroidManifest.xml:20:9-35
37        android:testOnly="true"
38        android:theme="@style/Base.Theme.AppCompat" >
38-->src\main\AndroidManifest.xml:21:9-52
39        <activity
39-->src\main\AndroidManifest.xml:23:9-25:84
40            android:name="com.example.campusnavigation.BulletinBoardGUI"
40-->src\main\AndroidManifest.xml:24:13-45
41            android:label="@string/title_activity_bulletin_board_g_u_i" />
41-->src\main\AndroidManifest.xml:25:13-72
42
43        <!--
44             The API key for Google Maps-based APIs is defined as a string resource.
45             (See the file "res/values/google_maps_api.xml").
46             Note that the API key is linked to the encryption key used to sign the APK.
47             You need a different API key for each encryption key, including the release key that is used to
48             sign the APK for publishing.
49             You can define the keys for the debug and release targets in src/debug/ and src/release/.
50        -->
51        <meta-data
51-->src\main\AndroidManifest.xml:35:9-37:55
52            android:name="com.google.android.geo.API_KEY"
52-->src\main\AndroidManifest.xml:36:13-58
53            android:value="@string/google_maps_key" />
53-->src\main\AndroidManifest.xml:37:13-52
54
55        <activity
55-->src\main\AndroidManifest.xml:23:9-25:84
56            android:name="com.example.campusnavigation.BulletinBoardGUI"
56-->src\main\AndroidManifest.xml:24:13-45
57            android:label="@string/title_activity_bulletin_board_g_u_i" >
57-->src\main\AndroidManifest.xml:25:13-72
58        </activity>
59        <activity
59-->src\main\AndroidManifest.xml:44:9-48:20
60            android:name="com.example.campusnavigation.BasicLoginFunctionality"
60-->src\main\AndroidManifest.xml:45:13-52
61            android:label="@string/title_activity_basic_login_functionality"
61-->src\main\AndroidManifest.xml:46:13-77
62            android:screenOrientation="portrait" >
62-->src\main\AndroidManifest.xml:47:13-49
63        </activity>
64        <activity
64-->src\main\AndroidManifest.xml:50:9-51:42
65            android:name="com.example.campusnavigation.ConfirmAcctActivity"
65-->src\main\AndroidManifest.xml:50:19-54
66            android:screenOrientation="portrait" />
66-->src\main\AndroidManifest.xml:51:4-40
67        <activity
67-->src\main\AndroidManifest.xml:53:9-55:59
68            android:name="com.example.campusnavigation.MapsActivity"
68-->src\main\AndroidManifest.xml:54:13-41
69            android:label="@string/title_activity_maps" />
69-->src\main\AndroidManifest.xml:55:13-56
70        <activity
70-->src\main\AndroidManifest.xml:56:9-59:52
71            android:name="com.example.campusnavigation.EventActivity"
71-->src\main\AndroidManifest.xml:57:13-42
72            android:label="Event Creation"
72-->src\main\AndroidManifest.xml:58:13-43
73            android:screenOrientation="portrait" />
73-->src\main\AndroidManifest.xml:59:13-49
74        <activity android:name="com.example.campusnavigation.WorkoutRoute" />
74-->src\main\AndroidManifest.xml:60:9-50
74-->src\main\AndroidManifest.xml:60:19-47
75        <activity
75-->src\main\AndroidManifest.xml:61:9-64:52
76            android:name="com.example.campusnavigation.WorkoutCreation"
76-->src\main\AndroidManifest.xml:62:13-44
77            android:label="Workout Creation"
77-->src\main\AndroidManifest.xml:63:13-45
78            android:screenOrientation="portrait" />
78-->src\main\AndroidManifest.xml:64:13-49
79        <activity
79-->src\main\AndroidManifest.xml:65:9-67:52
80            android:name="com.example.campusnavigation.PasswordRequirementsPage"
80-->src\main\AndroidManifest.xml:66:13-53
81            android:screenOrientation="portrait" />
81-->src\main\AndroidManifest.xml:67:13-49
82        <activity
82-->src\main\AndroidManifest.xml:68:9-70:52
83            android:name="com.example.campusnavigation.EmailVerifSent"
83-->src\main\AndroidManifest.xml:69:13-43
84            android:screenOrientation="portrait" />
84-->src\main\AndroidManifest.xml:70:13-49
85        <activity
85-->src\main\AndroidManifest.xml:71:9-73:48
86            android:name="com.example.campusnavigation.AccountCreation"
86-->src\main\AndroidManifest.xml:72:13-44
87            android:label="Account Creation" />
87-->src\main\AndroidManifest.xml:73:13-45
88        <activity
88-->src\main\AndroidManifest.xml:74:9-76:52
89            android:name="com.example.campusnavigation.LoginActivity"
89-->src\main\AndroidManifest.xml:75:13-42
90            android:screenOrientation="portrait" />
90-->src\main\AndroidManifest.xml:76:13-49
91        <activity
91-->src\main\AndroidManifest.xml:77:9-86:20
92            android:name="com.example.campusnavigation.MainActivity"
92-->src\main\AndroidManifest.xml:78:13-41
93            android:label="@string/main_activity_title"
93-->src\main\AndroidManifest.xml:79:13-56
94            android:screenOrientation="portrait" >
94-->src\main\AndroidManifest.xml:80:13-49
95            <intent-filter>
95-->src\main\AndroidManifest.xml:81:13-85:29
96                <action android:name="android.intent.action.MAIN" />
96-->src\main\AndroidManifest.xml:82:17-69
96-->src\main\AndroidManifest.xml:82:25-66
97
98                <category android:name="android.intent.category.LAUNCHER" />
98-->src\main\AndroidManifest.xml:84:17-77
98-->src\main\AndroidManifest.xml:84:27-74
99            </intent-filter>
100        </activity>
101
102        <provider
102-->[androidx.work:work-runtime:2.5.0] AndroidManifest.xml:31:9-37:35
103            android:name="androidx.work.impl.WorkManagerInitializer"
103-->[androidx.work:work-runtime:2.5.0] AndroidManifest.xml:32:13-69
104            android:authorities="com.example.campusnavigation.workmanager-init"
104-->[androidx.work:work-runtime:2.5.0] AndroidManifest.xml:33:13-68
105            android:directBootAware="false"
105-->[androidx.work:work-runtime:2.5.0] AndroidManifest.xml:34:13-44
106            android:exported="false"
106-->[androidx.work:work-runtime:2.5.0] AndroidManifest.xml:35:13-37
107            android:multiprocess="true" />
107-->[androidx.work:work-runtime:2.5.0] AndroidManifest.xml:36:13-40
108
109        <service
109-->[androidx.work:work-runtime:2.5.0] AndroidManifest.xml:39:9-44:35
110            android:name="androidx.work.impl.background.systemalarm.SystemAlarmService"
110-->[androidx.work:work-runtime:2.5.0] AndroidManifest.xml:40:13-88
111            android:directBootAware="false"
111-->[androidx.work:work-runtime:2.5.0] AndroidManifest.xml:41:13-44
112            android:enabled="@bool/enable_system_alarm_service_default"
112-->[androidx.work:work-runtime:2.5.0] AndroidManifest.xml:42:13-72
113            android:exported="false" />
113-->[androidx.work:work-runtime:2.5.0] AndroidManifest.xml:43:13-37
114        <service
114-->[androidx.work:work-runtime:2.5.0] AndroidManifest.xml:45:9-51:35
115            android:name="androidx.work.impl.background.systemjob.SystemJobService"
115-->[androidx.work:work-runtime:2.5.0] AndroidManifest.xml:46:13-84
116            android:directBootAware="false"
116-->[androidx.work:work-runtime:2.5.0] AndroidManifest.xml:47:13-44
117            android:enabled="@bool/enable_system_job_service_default"
117-->[androidx.work:work-runtime:2.5.0] AndroidManifest.xml:48:13-70
118            android:exported="true"
118-->[androidx.work:work-runtime:2.5.0] AndroidManifest.xml:49:13-36
119            android:permission="android.permission.BIND_JOB_SERVICE" />
119-->[androidx.work:work-runtime:2.5.0] AndroidManifest.xml:50:13-69
120        <service
120-->[androidx.work:work-runtime:2.5.0] AndroidManifest.xml:52:9-57:35
121            android:name="androidx.work.impl.foreground.SystemForegroundService"
121-->[androidx.work:work-runtime:2.5.0] AndroidManifest.xml:53:13-81
122            android:directBootAware="false"
122-->[androidx.work:work-runtime:2.5.0] AndroidManifest.xml:54:13-44
123            android:enabled="@bool/enable_system_foreground_service_default"
123-->[androidx.work:work-runtime:2.5.0] AndroidManifest.xml:55:13-77
124            android:exported="false" />
124-->[androidx.work:work-runtime:2.5.0] AndroidManifest.xml:56:13-37
125
126        <receiver
126-->[androidx.work:work-runtime:2.5.0] AndroidManifest.xml:59:9-64:35
127            android:name="androidx.work.impl.utils.ForceStopRunnable$BroadcastReceiver"
127-->[androidx.work:work-runtime:2.5.0] AndroidManifest.xml:60:13-88
128            android:directBootAware="false"
128-->[androidx.work:work-runtime:2.5.0] AndroidManifest.xml:61:13-44
129            android:enabled="true"
129-->[androidx.work:work-runtime:2.5.0] AndroidManifest.xml:62:13-35
130            android:exported="false" />
130-->[androidx.work:work-runtime:2.5.0] AndroidManifest.xml:63:13-37
131        <receiver
131-->[androidx.work:work-runtime:2.5.0] AndroidManifest.xml:65:9-75:20
132            android:name="androidx.work.impl.background.systemalarm.ConstraintProxy$BatteryChargingProxy"
132-->[androidx.work:work-runtime:2.5.0] AndroidManifest.xml:66:13-106
133            android:directBootAware="false"
133-->[androidx.work:work-runtime:2.5.0] AndroidManifest.xml:67:13-44
134            android:enabled="false"
134-->[androidx.work:work-runtime:2.5.0] AndroidManifest.xml:68:13-36
135            android:exported="false" >
135-->[androidx.work:work-runtime:2.5.0] AndroidManifest.xml:69:13-37
136            <intent-filter>
136-->[androidx.work:work-runtime:2.5.0] AndroidManifest.xml:71:13-74:29
137                <action android:name="android.intent.action.ACTION_POWER_CONNECTED" />
137-->[androidx.work:work-runtime:2.5.0] AndroidManifest.xml:72:17-87
137-->[androidx.work:work-runtime:2.5.0] AndroidManifest.xml:72:25-84
138                <action android:name="android.intent.action.ACTION_POWER_DISCONNECTED" />
138-->[androidx.work:work-runtime:2.5.0] AndroidManifest.xml:73:17-90
138-->[androidx.work:work-runtime:2.5.0] AndroidManifest.xml:73:25-87
139            </intent-filter>
140        </receiver>
141        <receiver
141-->[androidx.work:work-runtime:2.5.0] AndroidManifest.xml:76:9-86:20
142            android:name="androidx.work.impl.background.systemalarm.ConstraintProxy$BatteryNotLowProxy"
142-->[androidx.work:work-runtime:2.5.0] AndroidManifest.xml:77:13-104
143            android:directBootAware="false"
143-->[androidx.work:work-runtime:2.5.0] AndroidManifest.xml:78:13-44
144            android:enabled="false"
144-->[androidx.work:work-runtime:2.5.0] AndroidManifest.xml:79:13-36
145            android:exported="false" >
145-->[androidx.work:work-runtime:2.5.0] AndroidManifest.xml:80:13-37
146            <intent-filter>
146-->[androidx.work:work-runtime:2.5.0] AndroidManifest.xml:82:13-85:29
147                <action android:name="android.intent.action.BATTERY_OKAY" />
147-->[androidx.work:work-runtime:2.5.0] AndroidManifest.xml:83:17-77
147-->[androidx.work:work-runtime:2.5.0] AndroidManifest.xml:83:25-74
148                <action android:name="android.intent.action.BATTERY_LOW" />
148-->[androidx.work:work-runtime:2.5.0] AndroidManifest.xml:84:17-76
148-->[androidx.work:work-runtime:2.5.0] AndroidManifest.xml:84:25-73
149            </intent-filter>
150        </receiver>
151        <receiver
151-->[androidx.work:work-runtime:2.5.0] AndroidManifest.xml:87:9-97:20
152            android:name="androidx.work.impl.background.systemalarm.ConstraintProxy$StorageNotLowProxy"
152-->[androidx.work:work-runtime:2.5.0] AndroidManifest.xml:88:13-104
153            android:directBootAware="false"
153-->[androidx.work:work-runtime:2.5.0] AndroidManifest.xml:89:13-44
154            android:enabled="false"
154-->[androidx.work:work-runtime:2.5.0] AndroidManifest.xml:90:13-36
155            android:exported="false" >
155-->[androidx.work:work-runtime:2.5.0] AndroidManifest.xml:91:13-37
156            <intent-filter>
156-->[androidx.work:work-runtime:2.5.0] AndroidManifest.xml:93:13-96:29
157                <action android:name="android.intent.action.DEVICE_STORAGE_LOW" />
157-->[androidx.work:work-runtime:2.5.0] AndroidManifest.xml:94:17-83
157-->[androidx.work:work-runtime:2.5.0] AndroidManifest.xml:94:25-80
158                <action android:name="android.intent.action.DEVICE_STORAGE_OK" />
158-->[androidx.work:work-runtime:2.5.0] AndroidManifest.xml:95:17-82
158-->[androidx.work:work-runtime:2.5.0] AndroidManifest.xml:95:25-79
159            </intent-filter>
160        </receiver>
161        <receiver
161-->[androidx.work:work-runtime:2.5.0] AndroidManifest.xml:98:9-107:20
162            android:name="androidx.work.impl.background.systemalarm.ConstraintProxy$NetworkStateProxy"
162-->[androidx.work:work-runtime:2.5.0] AndroidManifest.xml:99:13-103
163            android:directBootAware="false"
163-->[androidx.work:work-runtime:2.5.0] AndroidManifest.xml:100:13-44
164            android:enabled="false"
164-->[androidx.work:work-runtime:2.5.0] AndroidManifest.xml:101:13-36
165            android:exported="false" >
165-->[androidx.work:work-runtime:2.5.0] AndroidManifest.xml:102:13-37
166            <intent-filter>
166-->[androidx.work:work-runtime:2.5.0] AndroidManifest.xml:104:13-106:29
167                <action android:name="android.net.conn.CONNECTIVITY_CHANGE" />
167-->[androidx.work:work-runtime:2.5.0] AndroidManifest.xml:105:17-79
167-->[androidx.work:work-runtime:2.5.0] AndroidManifest.xml:105:25-76
168            </intent-filter>
169        </receiver>
170        <receiver
170-->[androidx.work:work-runtime:2.5.0] AndroidManifest.xml:108:9-119:20
171            android:name="androidx.work.impl.background.systemalarm.RescheduleReceiver"
171-->[androidx.work:work-runtime:2.5.0] AndroidManifest.xml:109:13-88
172            android:directBootAware="false"
172-->[androidx.work:work-runtime:2.5.0] AndroidManifest.xml:110:13-44
173            android:enabled="false"
173-->[androidx.work:work-runtime:2.5.0] AndroidManifest.xml:111:13-36
174            android:exported="false" >
174-->[androidx.work:work-runtime:2.5.0] AndroidManifest.xml:112:13-37
175            <intent-filter>
175-->[androidx.work:work-runtime:2.5.0] AndroidManifest.xml:114:13-118:29
176                <action android:name="android.intent.action.BOOT_COMPLETED" />
176-->[androidx.work:work-runtime:2.5.0] AndroidManifest.xml:115:17-79
176-->[androidx.work:work-runtime:2.5.0] AndroidManifest.xml:115:25-76
177                <action android:name="android.intent.action.TIME_SET" />
177-->[androidx.work:work-runtime:2.5.0] AndroidManifest.xml:116:17-73
177-->[androidx.work:work-runtime:2.5.0] AndroidManifest.xml:116:25-70
178                <action android:name="android.intent.action.TIMEZONE_CHANGED" />
178-->[androidx.work:work-runtime:2.5.0] AndroidManifest.xml:117:17-81
178-->[androidx.work:work-runtime:2.5.0] AndroidManifest.xml:117:25-78
179            </intent-filter>
180        </receiver>
181        <receiver
181-->[androidx.work:work-runtime:2.5.0] AndroidManifest.xml:120:9-129:20
182            android:name="androidx.work.impl.background.systemalarm.ConstraintProxyUpdateReceiver"
182-->[androidx.work:work-runtime:2.5.0] AndroidManifest.xml:121:13-99
183            android:directBootAware="false"
183-->[androidx.work:work-runtime:2.5.0] AndroidManifest.xml:122:13-44
184            android:enabled="@bool/enable_system_alarm_service_default"
184-->[androidx.work:work-runtime:2.5.0] AndroidManifest.xml:123:13-72
185            android:exported="false" >
185-->[androidx.work:work-runtime:2.5.0] AndroidManifest.xml:124:13-37
186            <intent-filter>
186-->[androidx.work:work-runtime:2.5.0] AndroidManifest.xml:126:13-128:29
187                <action android:name="androidx.work.impl.background.systemalarm.UpdateProxies" />
187-->[androidx.work:work-runtime:2.5.0] AndroidManifest.xml:127:17-98
187-->[androidx.work:work-runtime:2.5.0] AndroidManifest.xml:127:25-95
188            </intent-filter>
189        </receiver>
190        <receiver
190-->[androidx.work:work-runtime:2.5.0] AndroidManifest.xml:130:9-140:20
191            android:name="androidx.work.impl.diagnostics.DiagnosticsReceiver"
191-->[androidx.work:work-runtime:2.5.0] AndroidManifest.xml:131:13-78
192            android:directBootAware="false"
192-->[androidx.work:work-runtime:2.5.0] AndroidManifest.xml:132:13-44
193            android:enabled="true"
193-->[androidx.work:work-runtime:2.5.0] AndroidManifest.xml:133:13-35
194            android:exported="true"
194-->[androidx.work:work-runtime:2.5.0] AndroidManifest.xml:134:13-36
195            android:permission="android.permission.DUMP" >
195-->[androidx.work:work-runtime:2.5.0] AndroidManifest.xml:135:13-57
196            <intent-filter>
196-->[androidx.work:work-runtime:2.5.0] AndroidManifest.xml:137:13-139:29
197                <action android:name="androidx.work.diagnostics.REQUEST_DIAGNOSTICS" />
197-->[androidx.work:work-runtime:2.5.0] AndroidManifest.xml:138:17-88
197-->[androidx.work:work-runtime:2.5.0] AndroidManifest.xml:138:25-85
198            </intent-filter>
199        </receiver> <!-- Needs to be explicitly declared on P+ -->
200        <uses-library
200-->[com.google.android.gms:play-services-maps:17.0.0] AndroidManifest.xml:33:9-35:40
201            android:name="org.apache.http.legacy"
201-->[com.google.android.gms:play-services-maps:17.0.0] AndroidManifest.xml:34:13-50
202            android:required="false" />
202-->[com.google.android.gms:play-services-maps:17.0.0] AndroidManifest.xml:35:13-37
203
204        <activity
204-->[com.google.android.gms:play-services-base:17.0.0] AndroidManifest.xml:23:9-26:75
205            android:name="com.google.android.gms.common.api.GoogleApiActivity"
205-->[com.google.android.gms:play-services-base:17.0.0] AndroidManifest.xml:24:13-79
206            android:exported="false"
206-->[com.google.android.gms:play-services-base:17.0.0] AndroidManifest.xml:25:13-37
207            android:theme="@android:style/Theme.Translucent.NoTitleBar" />
207-->[com.google.android.gms:play-services-base:17.0.0] AndroidManifest.xml:26:13-72
208
209        <meta-data
209-->[com.google.android.gms:play-services-basement:17.0.0] AndroidManifest.xml:23:9-25:69
210            android:name="com.google.android.gms.version"
210-->[com.google.android.gms:play-services-basement:17.0.0] AndroidManifest.xml:24:13-58
211            android:value="@integer/google_play_services_version" />
211-->[com.google.android.gms:play-services-basement:17.0.0] AndroidManifest.xml:25:13-66
212
213        <service
213-->[androidx.room:room-runtime:2.2.5] AndroidManifest.xml:25:9-28:40
214            android:name="androidx.room.MultiInstanceInvalidationService"
214-->[androidx.room:room-runtime:2.2.5] AndroidManifest.xml:26:13-74
215            android:directBootAware="true"
215-->[androidx.room:room-runtime:2.2.5] AndroidManifest.xml:27:13-43
216            android:exported="false" />
216-->[androidx.room:room-runtime:2.2.5] AndroidManifest.xml:28:13-37
217    </application>
218
219</manifest>